<?xml version="1.0" encoding="UTF-8"?>
<!-- Generated by org.testng.reporters.JUnitReportReporter -->
<testsuite skipped="0" hostname="Chaitanya-PC" name="MyRunner.TestRunner" tests="1" failures="0" timestamp="2020-01-06T18:44:00 IST" time="27.016" errors="0">
  <testcase name="feature" time="27.016" classname="MyRunner.TestRunner"/>
  <system-out/>
</testsuite> <!-- MyRunner.TestRunner -->
